<?xml version="1.0" encoding="UTF-8"?>
<!-- Generated by org.testng.reporters.JUnitReportReporter -->
<testsuite hostname="LAPTOP-RSQ8U3E7" failures="0" tests="1" name="MyProjectEdubridge.LoginEdubridge" time="7.250" errors="0" timestamp="2023-11-01T20:47:33 IST" skipped="0">
  <testcase classname="MyProjectEdubridge.LoginEdubridge" name="testParameterWithXML" time="7.250"/>
</testsuite> <!-- MyProjectEdubridge.LoginEdubridge -->
