<?xml version="1.0" encoding="UTF-8"?>
<!-- Generated by org.testng.reporters.JUnitReportReporter -->
<testsuite hostname="LAPTOP-RSQ8U3E7" failures="0" tests="1" name="MyProjectEdubridge.LaunchEdubridge" time="4.297" errors="0" timestamp="2023-11-01T20:51:23 IST" skipped="0">
  <testcase classname="MyProjectEdubridge.LaunchEdubridge" name="launch" time="4.297"/>
</testsuite> <!-- MyProjectEdubridge.LaunchEdubridge -->
